ERROR [main] portico.lrc: FAILURE Exception encountered while processing incoming message: null
java.lang.NullPointerException
	at hla.rti.jlc.EncodingHelpers.decodeInt(EncodingHelpers.java:371)
	at hla.rti.jlc.EncodingHelpers.decodeInt(EncodingHelpers.java:356)
	at Bankomat.BankomatAmbassador.receiveInteraction(BankomatAmbassador.java:93)
	at org.portico.impl.hla1516e.handlers.ReceiveInteractionCallbackHandler.process(ReceiveInteractionCallbackHandler.java:85)
	at org.portico.utils.messaging.MessageChain.process(MessageChain.java:78)
	at org.portico.utils.messaging.MessageSink.process(MessageSink.java:187)
	at org.portico.lrc.LRC.tickProcess(LRC.java:688)
	at org.portico.lrc.LRC.tick(LRC.java:555)
	at org.portico.impl.hla1516e.Impl1516eHelper.evokeMultiple(Impl1516eHelper.java:188)
	at org.portico.impl.hla1516e.Rti1516eAmbassador.evokeMultipleCallbacks(Rti1516eAmbassador.java:5407)
	at Bankomat.BankomatFederate.advanceTime(BankomatFederate.java:357)
	at Bankomat.BankomatFederate.runFederate(BankomatFederate.java:187)
	at Bankomat.BankomatFederate.main(BankomatFederate.java:386)
ERROR [main] portico.lrc: FAILURE Exception encountered while processing incoming message: null
java.lang.NullPointerException
	at hla.rti.jlc.EncodingHelpers.decodeInt(EncodingHelpers.java:371)
	at hla.rti.jlc.EncodingHelpers.decodeInt(EncodingHelpers.java:356)
	at Bankomat.BankomatAmbassador.receiveInteraction(BankomatAmbassador.java:93)
	at org.portico.impl.hla1516e.handlers.ReceiveInteractionCallbackHandler.process(ReceiveInteractionCallbackHandler.java:85)
	at org.portico.utils.messaging.MessageChain.process(MessageChain.java:78)
	at org.portico.utils.messaging.MessageSink.process(MessageSink.java:187)
	at org.portico.lrc.LRC.tickProcess(LRC.java:688)
	at org.portico.lrc.LRC.tick(LRC.java:555)
	at org.portico.impl.hla1516e.Impl1516eHelper.evokeMultiple(Impl1516eHelper.java:188)
	at org.portico.impl.hla1516e.Rti1516eAmbassador.evokeMultipleCallbacks(Rti1516eAmbassador.java:5407)
	at Bankomat.BankomatFederate.advanceTime(BankomatFederate.java:357)
	at Bankomat.BankomatFederate.runFederate(BankomatFederate.java:187)
	at Bankomat.BankomatFederate.main(BankomatFederate.java:386)
ERROR [main] portico.lrc: FAILURE Exception encountered while processing incoming message: null
java.lang.NullPointerException
	at hla.rti.jlc.EncodingHelpers.decodeInt(EncodingHelpers.java:371)
	at hla.rti.jlc.EncodingHelpers.decodeInt(EncodingHelpers.java:356)
	at Bankomat.BankomatAmbassador.receiveInteraction(BankomatAmbassador.java:93)
	at org.portico.impl.hla1516e.handlers.ReceiveInteractionCallbackHandler.process(ReceiveInteractionCallbackHandler.java:85)
	at org.portico.utils.messaging.MessageChain.process(MessageChain.java:78)
	at org.portico.utils.messaging.MessageSink.process(MessageSink.java:187)
	at org.portico.lrc.LRC.tickProcess(LRC.java:688)
	at org.portico.lrc.LRC.tick(LRC.java:555)
	at org.portico.impl.hla1516e.Impl1516eHelper.evokeMultiple(Impl1516eHelper.java:188)
	at org.portico.impl.hla1516e.Rti1516eAmbassador.evokeMultipleCallbacks(Rti1516eAmbassador.java:5407)
	at Bankomat.BankomatFederate.advanceTime(BankomatFederate.java:357)
	at Bankomat.BankomatFederate.runFederate(BankomatFederate.java:187)
	at Bankomat.BankomatFederate.main(BankomatFederate.java:386)
